{"owner_id": 7579, "domain_id": 4827, "data": {"url": "hamidreza.etedalmehr.ir/js/login.js", "user_agent_id": 228408, "status_code": "200 OK", "ip": 3106677839, "request_time": "2022-07-19 23:19:54"}}
{"owner_id": 7579, "domain_id": 4827, "data": {"url": "hamidreza.etedalmehr.ir/css/LineIcons.css", "user_agent_id": 228408, "status_code": "200 OK", "ip": 3106677839, "request_time": "2022-07-19 23:19:54"}}
{"owner_id": 7579, "domain_id": 4827, "data": {"url": "hamidreza.etedalmehr.ir/js/main.js", "user_agent_id": 228408, "status_code": "200 OK", "ip": 3106677839, "request_time": "2022-07-19 23:19:54"}}
{"owner_id": 7579, "domain_id": 4827, "data": {"url": "hamidreza.etedalmehr.ir/css/login.css", "user_agent_id": 228408, "status_code": "200 OK", "ip": 3106677839, "request_time": "2022-07-19 23:19:54"}}
{"owner_id": 7579, "domain_id": 4827, "data": {"url": "hamidreza.etedalmehr.ir/css/main.css", "user_agent_id": 228408, "status_code": "200 OK", "ip": 3106677839, "request_time": "2022-07-19 23:19:54"}}
{"owner_id": 7579, "domain_id": 4827, "data": {"url": "hamidreza.etedalmehr.ir/css/splide.min.css", "user_agent_id": 228408, "status_code": "200 OK", "ip": 3106677839, "request_time": "2022-07-19 23:19:54"}}
{"owner_id": 7579, "domain_id": 4827, "data": {"url": "hamidreza.etedalmehr.ir/css/main.css", "user_agent_id": 228408, "status_code": "200 OK", "ip": 3106677839, "request_time": "2022-07-19 23:19:54"}}
{"owner_id": 7579, "domain_id": 4827, "data": {"url": "hamidreza.etedalmehr.ir/css/LineIcons.css", "user_agent_id": 228408, "status_code": "200 OK", "ip": 3106677839, "request_time": "2022-07-19 23:19:54"}}
{"owner_id": 7579, "domain_id": 4827, "data": {"url": "hamidreza.etedalmehr.ir/css/splide.min.css", "user_agent_id": 228408, "status_code": "200 OK", "ip": 3106677839, "request_time": "2022-07-19 23:19:54"}}
{"owner_id": 7579, "domain_id": 4827, "data": {"url": "hamidreza.etedalmehr.ir/css/login.css", "user_agent_id": 228408, "status_code": "200 OK", "ip": 3106677839, "request_time": "2022-07-19 23:19:54"}}
{"owner_id": 7579, "domain_id": 4827, "data": {"url": "hamidreza.etedalmehr.ir/js/login.js", "user_agent_id": 228408, "status_code": "200 OK", "ip": 3106677839, "request_time": "2022-07-19 23:19:54"}}
{"owner_id": 7579, "domain_id": 4827, "data": {"url": "hamidreza.etedalmehr.ir/js/main.js", "user_agent_id": 228408, "status_code": "200 OK", "ip": 3106677839, "request_time": "2022-07-19 23:19:54"}}
{"owner_id": 7579, "domain_id": 4827, "data": {"url": "hamidreza.etedalmehr.ir/fonts/IRANSansWeb(FaNum).woff", "user_agent_id": 228408, "status_code": "200 OK", "ip": 3106677839, "request_time": "2022-07-19 23:20:10"}}
{"owner_id": 7579, "domain_id": 4827, "data": {"url": "hamidreza.etedalmehr.ir/fonts/IRANSansWeb(FaNum)_Bold.woff", "user_agent_id": 228408, "status_code": "200 OK", "ip": 3106677839, "request_time": "2022-07-19 23:20:10"}}
{"owner_id": 7579, "domain_id": 4827, "data": {"url": "hamidreza.etedalmehr.ir/fonts/LineIcons.woff2", "user_agent_id": 228408, "status_code": "200 OK", "ip": 3106677839, "request_time": "2022-07-19 23:20:10"}}
{"owner_id": 7579, "domain_id": 4827, "data": {"url": "hamidreza.etedalmehr.ir/fonts/LineIcons.woff", "user_agent_id": 228408, "status_code": "200 OK", "ip": 3106677839, "request_time": "2022-07-19 23:20:10"}}
{"owner_id": 7579, "domain_id": 4827, "data": {"url": "hamidreza.etedalmehr.ir/fonts/IRANSansWeb(FaNum).woff2", "user_agent_id": 228408, "status_code": "200 OK", "ip": 3106677839, "request_time": "2022-07-19 23:20:10"}}
{"owner_id": 7579, "domain_id": 4827, "data": {"url": "hamidreza.etedalmehr.ir/fonts/IRANSansWeb(FaNum)_Bold.woff2", "user_agent_id": 228408, "status_code": "200 OK", "ip": 3106677839, "request_time": "2022-07-19 23:20:10"}}
{"owner_id": 7579, "domain_id": 4827, "data": {"url": "hamidreza.etedalmehr.ir/fonts/LineIcons.ttf", "user_agent_id": 228408, "status_code": "200 OK", "ip": 3106677839, "request_time": "2022-07-19 23:20:10"}}
{"owner_id": 7579, "domain_id": 4827, "data": {"url": "hamidreza.etedalmehr.ir/fonts/IRANSansWeb(FaNum)_Bold.eot", "user_agent_id": 228408, "status_code": "200 OK", "ip": 3106677839, "request_time": "2022-07-19 23:20:10"}}
{"owner_id": 7579, "domain_id": 4827, "data": {"url": "hamidreza.etedalmehr.ir/fonts/IRANSansWeb(FaNum)_Bold(1).eot", "user_agent_id": 228408, "status_code": "200 OK", "ip": 3106677839, "request_time": "2022-07-19 23:20:10"}}
