1: {"owner_id": 7579, "domain_id": 4827, "data": {"url": "hamidreza.etedalmehr.ir/css/splide.min.css", "user_agent_id": 233020, "status_code": "200 OK", "ip": 1360919338, "request_time": "2022-07-19 23:19:54"}}
1: {"owner_id": 7579, "domain_id": 4827, "data": {"url": "hamidreza.etedalmehr.ir/css/splide.min.css", "user_agent_id": 233020, "status_code": "200 OK", "ip": 1360919338, "request_time": "2022-07-19 23:19:54"}}
2: {"owner_id": 7579, "domain_id": 4827, "data": {"url": "hamidreza.etedalmehr.ir/css/login.css", "user_agent_id": 233020, "status_code": "200 OK", "ip": 1360919338, "request_time": "2022-07-19 23:19:54"}}
1: {"owner_id": 7579, "domain_id": 4827, "data": {"url": "hamidreza.etedalmehr.ir/css/splide.min.css", "user_agent_id": 233020, "status_code": "200 OK", "ip": 1360919338, "request_time": "2022-07-19 23:19:54"}}
1: {"owner_id": 7579, "domain_id": 4827, "data": {"url": "hamidreza.etedalmehr.ir/css/splide.min.css", "user_agent_id": 233020, "status_code": "200 OK", "ip": 1360919338, "request_time": "2022-07-19 23:19:54"}}
2: {"owner_id": 7579, "domain_id": 4827, "data": {"url": "hamidreza.etedalmehr.ir/css/login.css", "user_agent_id": 233020, "status_code": "200 OK", "ip": 1360919338, "request_time": "2022-07-19 23:19:54"}}
2: {"owner_id": 7579, "domain_id": 4827, "data": {"url": "hamidreza.etedalmehr.ir/css/login.css", "user_agent_id": 233020, "status_code": "200 OK", "ip": 1360919338, "request_time": "2022-07-19 23:19:54"}}
3: {"owner_id": 7579, "domain_id": 4827, "data": {"url": "hamidreza.etedalmehr.ir/css/LineIcons.css", "user_agent_id": 233020, "status_code": "200 OK", "ip": 1360919338, "request_time": "2022-07-19 23:19:54"}}
3: {"owner_id": 7579, "domain_id": 4827, "data": {"url": "hamidreza.etedalmehr.ir/css/LineIcons.css", "user_agent_id": 233020, "status_code": "200 OK", "ip": 1360919338, "request_time": "2022-07-19 23:19:54"}}
4: {"owner_id": 7579, "domain_id": 4827, "data": {"url": "hamidreza.etedalmehr.ir/css/main.css", "user_agent_id": 233020, "status_code": "200 OK", "ip": 1360919338, "request_time": "2022-07-19 23:19:54"}}
4: {"owner_id": 7579, "domain_id": 4827, "data": {"url": "hamidreza.etedalmehr.ir/css/main.css", "user_agent_id": 233020, "status_code": "200 OK", "ip": 1360919338, "request_time": "2022-07-19 23:19:54"}}
0: {"owner_id": 7579, "domain_id": 4827, "data": {"url": "hamidreza.etedalmehr.ir/js/login.js", "user_agent_id": 233020, "status_code": "200 OK", "ip": 1360919338, "request_time": "2022-07-19 23:19:54"}}
0: {"owner_id": 7579, "domain_id": 4827, "data": {"url": "hamidreza.etedalmehr.ir/js/login.js", "user_agent_id": 233020, "status_code": "200 OK", "ip": 1360919338, "request_time": "2022-07-19 23:19:54"}}
1: {"owner_id": 7579, "domain_id": 4827, "data": {"url": "hamidreza.etedalmehr.ir/js/main.js", "user_agent_id": 233020, "status_code": "200 OK", "ip": 1360919338, "request_time": "2022-07-19 23:19:54"}}
0: {"owner_id": 7579, "domain_id": 4827, "data": {"url": "hamidreza.etedalmehr.ir/js/login.js", "user_agent_id": 233020, "status_code": "200 OK", "ip": 1360919338, "request_time": "2022-07-19 23:19:54"}}
1: {"owner_id": 7579, "domain_id": 4827, "data": {"url": "hamidreza.etedalmehr.ir/js/main.js", "user_agent_id": 233020, "status_code": "200 OK", "ip": 1360919338, "request_time": "2022-07-19 23:19:54"}}
1: {"owner_id": 7579, "domain_id": 4827, "data": {"url": "hamidreza.etedalmehr.ir/js/main.js", "user_agent_id": 233020, "status_code": "200 OK", "ip": 1360919338, "request_time": "2022-07-19 23:19:54"}}
2: {"owner_id": 7579, "domain_id": 4827, "data": {"url": "hamidreza.etedalmehr.ir/fonts/IRANSansWeb(FaNum)_Bold.woff", "user_agent_id": 233020, "status_code": "200 OK", "ip": 1360919338, "request_time": "2022-07-19 23:20:10"}}
2: {"owner_id": 7579, "domain_id": 4827, "data": {"url": "hamidreza.etedalmehr.ir/fonts/IRANSansWeb(FaNum)_Bold.woff", "user_agent_id": 233020, "status_code": "200 OK", "ip": 1360919338, "request_time": "2022-07-19 23:20:10"}}
2: {"owner_id": 7579, "domain_id": 4827, "data": {"url": "hamidreza.etedalmehr.ir/fonts/IRANSansWeb(FaNum)_Bold.woff", "user_agent_id": 233020, "status_code": "200 OK", "ip": 1360919338, "request_time": "2022-07-19 23:20:10"}}
3: {"owner_id": 7579, "domain_id": 4827, "data": {"url": "hamidreza.etedalmehr.ir/fonts/IRANSansWeb(FaNum).woff", "user_agent_id": 233020, "status_code": "200 OK", "ip": 1360919338, "request_time": "2022-07-19 23:20:10"}}
3: {"owner_id": 7579, "domain_id": 4827, "data": {"url": "hamidreza.etedalmehr.ir/fonts/IRANSansWeb(FaNum).woff", "user_agent_id": 233020, "status_code": "200 OK", "ip": 1360919338, "request_time": "2022-07-19 23:20:10"}}
3: {"owner_id": 7579, "domain_id": 4827, "data": {"url": "hamidreza.etedalmehr.ir/fonts/IRANSansWeb(FaNum).woff", "user_agent_id": 233020, "status_code": "200 OK", "ip": 1360919338, "request_time": "2022-07-19 23:20:10"}}
4: {"owner_id": 7579, "domain_id": 4827, "data": {"url": "hamidreza.etedalmehr.ir/fonts/LineIcons.woff2", "user_agent_id": 233020, "status_code": "200 OK", "ip": 1360919338, "request_time": "2022-07-19 23:20:10"}}
4: {"owner_id": 7579, "domain_id": 4827, "data": {"url": "hamidreza.etedalmehr.ir/fonts/LineIcons.woff2", "user_agent_id": 233020, "status_code": "200 OK", "ip": 1360919338, "request_time": "2022-07-19 23:20:10"}}
4: {"owner_id": 7579, "domain_id": 4827, "data": {"url": "hamidreza.etedalmehr.ir/fonts/LineIcons.woff2", "user_agent_id": 233020, "status_code": "200 OK", "ip": 1360919338, "request_time": "2022-07-19 23:20:10"}}
5: {"owner_id": 7579, "domain_id": 4827, "data": {"url": "hamidreza.etedalmehr.ir/fonts/IRANSansWeb(FaNum).woff2", "user_agent_id": 233020, "status_code": "200 OK", "ip": 1360919338, "request_time": "2022-07-19 23:20:10"}}
5: {"owner_id": 7579, "domain_id": 4827, "data": {"url": "hamidreza.etedalmehr.ir/fonts/IRANSansWeb(FaNum).woff2", "user_agent_id": 233020, "status_code": "200 OK", "ip": 1360919338, "request_time": "2022-07-19 23:20:10"}}
6: {"owner_id": 7579, "domain_id": 4827, "data": {"url": "hamidreza.etedalmehr.ir/fonts/LineIcons.woff", "user_agent_id": 233020, "status_code": "200 OK", "ip": 1360919338, "request_time": "2022-07-19 23:20:10"}}
5: {"owner_id": 7579, "domain_id": 4827, "data": {"url": "hamidreza.etedalmehr.ir/fonts/IRANSansWeb(FaNum).woff2", "user_agent_id": 233020, "status_code": "200 OK", "ip": 1360919338, "request_time": "2022-07-19 23:20:10"}}
6: {"owner_id": 7579, "domain_id": 4827, "data": {"url": "hamidreza.etedalmehr.ir/fonts/LineIcons.woff", "user_agent_id": 233020, "status_code": "200 OK", "ip": 1360919338, "request_time": "2022-07-19 23:20:10"}}
6: {"owner_id": 7579, "domain_id": 4827, "data": {"url": "hamidreza.etedalmehr.ir/fonts/LineIcons.woff", "user_agent_id": 233020, "status_code": "200 OK", "ip": 1360919338, "request_time": "2022-07-19 23:20:10"}}
7: {"owner_id": 7579, "domain_id": 4827, "data": {"url": "hamidreza.etedalmehr.ir/fonts/IRANSansWeb(FaNum)_Bold.woff2", "user_agent_id": 233020, "status_code": "200 OK", "ip": 1360919338, "request_time": "2022-07-19 23:20:10"}}
7: {"owner_id": 7579, "domain_id": 4827, "data": {"url": "hamidreza.etedalmehr.ir/fonts/IRANSansWeb(FaNum)_Bold.woff2", "user_agent_id": 233020, "status_code": "200 OK", "ip": 1360919338, "request_time": "2022-07-19 23:20:10"}}
7: {"owner_id": 7579, "domain_id": 4827, "data": {"url": "hamidreza.etedalmehr.ir/fonts/IRANSansWeb(FaNum)_Bold.woff2", "user_agent_id": 233020, "status_code": "200 OK", "ip": 1360919338, "request_time": "2022-07-19 23:20:10"}}
8: {"owner_id": 7579, "domain_id": 4827, "data": {"url": "hamidreza.etedalmehr.ir/js/main.js", "user_agent_id": 233020, "status_code": "200 OK", "ip": 1360919338, "request_time": "2022-07-19 23:19:54"}}
8: {"owner_id": 7579, "domain_id": 4827, "data": {"url": "hamidreza.etedalmehr.ir/js/main.js", "user_agent_id": 233020, "status_code": "200 OK", "ip": 1360919338, "request_time": "2022-07-19 23:19:54"}}
8: {"owner_id": 7579, "domain_id": 4827, "data": {"url": "hamidreza.etedalmehr.ir/js/main.js", "user_agent_id": 233020, "status_code": "200 OK", "ip": 1360919338, "request_time": "2022-07-19 23:19:54"}}
9: {"owner_id": 7579, "domain_id": 4827, "data": {"url": "hamidreza.etedalmehr.ir/js/login.js", "user_agent_id": 233020, "status_code": "200 OK", "ip": 1360919338, "request_time": "2022-07-19 23:19:54"}}
9: {"owner_id": 7579, "domain_id": 4827, "data": {"url": "hamidreza.etedalmehr.ir/js/login.js", "user_agent_id": 233020, "status_code": "200 OK", "ip": 1360919338, "request_time": "2022-07-19 23:19:54"}}
9: {"owner_id": 7579, "domain_id": 4827, "data": {"url": "hamidreza.etedalmehr.ir/js/login.js", "user_agent_id": 233020, "status_code": "200 OK", "ip": 1360919338, "request_time": "2022-07-19 23:19:54"}}
10: {"owner_id": 7579, "domain_id": 4827, "data": {"url": "hamidreza.etedalmehr.ir/fonts/IRANSansWeb(FaNum)_Bold.eot", "user_agent_id": 233020, "status_code": "200 OK", "ip": 1360919338, "request_time": "2022-07-19 23:20:10"}}
10: {"owner_id": 7579, "domain_id": 4827, "data": {"url": "hamidreza.etedalmehr.ir/fonts/IRANSansWeb(FaNum)_Bold.eot", "user_agent_id": 233020, "status_code": "200 OK", "ip": 1360919338, "request_time": "2022-07-19 23:20:10"}}
10: {"owner_id": 7579, "domain_id": 4827, "data": {"url": "hamidreza.etedalmehr.ir/fonts/IRANSansWeb(FaNum)_Bold.eot", "user_agent_id": 233020, "status_code": "200 OK", "ip": 1360919338, "request_time": "2022-07-19 23:20:10"}}
11: {"owner_id": 7579, "domain_id": 4827, "data": {"url": "hamidreza.etedalmehr.ir/fonts/IRANSansWeb(FaNum)_Bold(1).eot", "user_agent_id": 233020, "status_code": "200 OK", "ip": 1360919338, "request_time": "2022-07-19 23:20:10"}}
11: {"owner_id": 7579, "domain_id": 4827, "data": {"url": "hamidreza.etedalmehr.ir/fonts/IRANSansWeb(FaNum)_Bold(1).eot", "user_agent_id": 233020, "status_code": "200 OK", "ip": 1360919338, "request_time": "2022-07-19 23:20:10"}}
11: {"owner_id": 7579, "domain_id": 4827, "data": {"url": "hamidreza.etedalmehr.ir/fonts/IRANSansWeb(FaNum)_Bold(1).eot", "user_agent_id": 233020, "status_code": "200 OK", "ip": 1360919338, "request_time": "2022-07-19 23:20:10"}}
12: {"owner_id": 7579, "domain_id": 4827, "data": {"url": "hamidreza.etedalmehr.ir/fonts/LineIcons.ttf", "user_agent_id": 233020, "status_code": "200 OK", "ip": 1360919338, "request_time": "2022-07-19 23:20:10"}}
12: {"owner_id": 7579, "domain_id": 4827, "data": {"url": "hamidreza.etedalmehr.ir/fonts/LineIcons.ttf", "user_agent_id": 233020, "status_code": "200 OK", "ip": 1360919338, "request_time": "2022-07-19 23:20:10"}}
12: {"owner_id": 7579, "domain_id": 4827, "data": {"url": "hamidreza.etedalmehr.ir/fonts/LineIcons.ttf", "user_agent_id": 233020, "status_code": "200 OK", "ip": 1360919338, "request_time": "2022-07-19 23:20:10"}}
13: {"owner_id": 7579, "domain_id": 4827, "data": {"url": "hamidreza.etedalmehr.ir/fonts/IRANSansWeb(FaNum).woff", "user_agent_id": 233020, "status_code": "200 OK", "ip": 1360919338, "request_time": "2022-07-19 23:20:10"}}
13: {"owner_id": 7579, "domain_id": 4827, "data": {"url": "hamidreza.etedalmehr.ir/fonts/IRANSansWeb(FaNum).woff", "user_agent_id": 233020, "status_code": "200 OK", "ip": 1360919338, "request_time": "2022-07-19 23:20:10"}}
13: {"owner_id": 7579, "domain_id": 4827, "data": {"url": "hamidreza.etedalmehr.ir/fonts/IRANSansWeb(FaNum).woff", "user_agent_id": 233020, "status_code": "200 OK", "ip": 1360919338, "request_time": "2022-07-19 23:20:10"}}
14: {"owner_id": 7579, "domain_id": 4827, "data": {"url": "hamidreza.etedalmehr.ir/fonts/LineIcons.woff2", "user_agent_id": 233020, "status_code": "200 OK", "ip": 1360919338, "request_time": "2022-07-19 23:20:10"}}
14: {"owner_id": 7579, "domain_id": 4827, "data": {"url": "hamidreza.etedalmehr.ir/fonts/LineIcons.woff2", "user_agent_id": 233020, "status_code": "200 OK", "ip": 1360919338, "request_time": "2022-07-19 23:20:10"}}
15: {"owner_id": 7579, "domain_id": 4827, "data": {"url": "hamidreza.etedalmehr.ir/fonts/IRANSansWeb(FaNum)_Bold.woff", "user_agent_id": 233020, "status_code": "200 OK", "ip": 1360919338, "request_time": "2022-07-19 23:20:10"}}
0: {"owner_id": 7579, "domain_id": 4827, "data": {"url": "hamidreza.etedalmehr.ir/fonts/LineIcons.woff", "user_agent_id": 233020, "status_code": "200 OK", "ip": 1360919338, "request_time": "2022-07-19 23:20:10"}}
1: {"owner_id": 7579, "domain_id": 4827, "data": {"url": "hamidreza.etedalmehr.ir/fonts/IRANSansWeb(FaNum).woff2", "user_agent_id": 233020, "status_code": "200 OK", "ip": 1360919338, "request_time": "2022-07-19 23:20:10"}}
0: {"owner_id": 7579, "domain_id": 4827, "data": {"url": "hamidreza.etedalmehr.ir/fonts/LineIcons.woff", "user_agent_id": 233020, "status_code": "200 OK", "ip": 1360919338, "request_time": "2022-07-19 23:20:10"}}
1: {"owner_id": 7579, "domain_id": 4827, "data": {"url": "hamidreza.etedalmehr.ir/fonts/IRANSansWeb(FaNum).woff2", "user_agent_id": 233020, "status_code": "200 OK", "ip": 1360919338, "request_time": "2022-07-19 23:20:10"}}
2: {"owner_id": 7579, "domain_id": 4827, "data": {"url": "hamidreza.etedalmehr.ir/fonts/IRANSansWeb(FaNum)_Bold.woff2", "user_agent_id": 233020, "status_code": "200 OK", "ip": 1360919338, "request_time": "2022-07-19 23:20:10"}}
0: {"owner_id": 7579, "domain_id": 4827, "data": {"url": "hamidreza.etedalmehr.ir/fonts/LineIcons.ttf", "user_agent_id": 233020, "status_code": "200 OK", "ip": 1360919338, "request_time": "2022-07-19 23:20:10"}}
0: {"owner_id": 7579, "domain_id": 4827, "data": {"url": "hamidreza.etedalmehr.ir/fonts/IRANSansWeb(FaNum)_Bold.eot", "user_agent_id": 233020, "status_code": "200 OK", "ip": 1360919338, "request_time": "2022-07-19 23:20:10"}}
0: {"owner_id": 7579, "domain_id": 4827, "data": {"url": "hamidreza.etedalmehr.ir/fonts/IRANSansWeb(FaNum)_Bold(1).eot", "user_agent_id": 233020, "status_code": "200 OK", "ip": 1360919338, "request_time": "2022-07-19 23:20:10"}}
